build/app/outputs/mapping/release/seeds.txt
com.elryad.elmoktaser.MainActivity
com.elryad.elmoktaser.MainActivity: MainActivity()
...
io.flutter.plugin.editing.ImeSyncDeferringInsetsCallback: android.view.WindowInsets access$402(io.flutter.plugin.editing.ImeSyncDeferringInsetsCallback,android.view.WindowInsets)
androidx.window.layout.FoldingFeature$Orientation: androidx.window.layout.FoldingFeature$Orientation$Companion Companion
com.dexterous.flutterlocalnotifications.models.NotificationDetails: java.lang.String CHANNEL_ID
org.threeten.bp.chrono.HijrahDate: java.lang.Object readResolve()
androidx.core.view.ViewCompat$Api21Impl: boolean hasNestedScrollingParent(android.view.View)
androidx.window.core.Version: androidx.window.core.Version access$getCURRENT$cp()
androidx.work.impl.background.systemalarm.ConstraintProxy$BatteryChargingProxy
org.chromium.support_lib_boundary.StaticsBoundaryInterface: void initSafeBrowsing(android.content.Context,android.webkit.ValueCallback)
androidx.window.layout.FoldingFeature$State: androidx.window.layout.FoldingFeature$State$Companion Companion
org.chromium.support_lib_boundary.WebSettingsBoundaryInterface: void setSafeBrowsingEnabled(boolean)
kotlinx.coroutines.JobSupport: java.lang.Object _state
android.support.v4.app.RemoteActionCompatParcelizer: androidx.core.app.RemoteActionCompat read(androidx.versionedparcelable.VersionedParcel)
org.threeten.bp.chrono.HijrahEra: org.threeten.bp.chrono.HijrahEra[] values()
com.dexterous.flutterlocalnotifications.models.NotificationDetails: java.lang.String COLOR_BLUE
androidx.window.R$styleable: int SplitPlaceholderRule_placeholderActivityName
androidx.core.view.ViewCompat$Api16Impl: void postOnAnimationDelayed(android.view.View,java.lang.Runnable,long)
org.threeten.bp.format.SignStyle: org.threeten.bp.format.SignStyle valueOf(java.lang.String)
io.flutter.plugin.editing.ImeSyncDeferringInsetsCallback: boolean access$302(io.flutter.plugin.editing.ImeSyncDeferringInsetsCallback,boolean)
com.dexterous.flutterlocalnotifications.models.NotificationDetails: java.lang.String TAG
kotlin.jvm.internal.FunctionReference: kotlin.reflect.KCallable computeReflected()
org.threeten.bp.OffsetTime: java.lang.Object writeReplace()
androidx.window.java.R
androidx.window.layout.ActivityCompatHelperApi24: boolean isInMultiWindowMode(android.app.Activity)
androidx.window.core.Version: java.lang.String getDescription()
com.dexterous.flutterlocalnotifications.models.MessageDetails: java.lang.Long timestamp
com.dexterous.flutterlocalnotifications.models.NotificationDetails: java.lang.String ticker
com.google.firebase.installations.local.PersistedInstallation$RegistrationStatus: com.google.firebase.installations.local.PersistedInstallation$RegistrationStatus[] values()
androidx.work.impl.background.systemalarm.ConstraintProxy$BatteryChargingProxy: ConstraintProxy$BatteryChargingProxy()
com.dexterous.flutterlocalnotifications.models.NotificationDetails: java.lang.String HTML_FORMAT_CONTENT
com.dexterous.flutterlocalnotifications.models.NotificationDetails: java.lang.String BOT
com.dexterous.flutterlocalnotifications.models.NotificationChannelGroupDetails: java.lang.String name
com.dexterous.flutterlocalnotifications.models.NotificationDetails: java.lang.Integer iconResourceId
com.google.android.exoplayer2.drm.DrmUtil$Api21: int mediaDrmStateExceptionToErrorCode(java.lang.Throwable)
io.flutter.embedding.engine.FlutterJNI: boolean initCalled
androidx.window.layout.WindowInfoTrackerImpl: androidx.window.layout.WindowInfoTrackerImpl$Companion Companion
org.threeten.bp.Ser
kotlinx.coroutines.channels.AbstractChannel$ReceiveHasNext
androidx.lifecycle.ReportFragment$LifecycleCallbacks: void onActivityPreStopped(android.app.Activity)
io.flutter.plugins.pathprovider.Messages$StorageDirectory: io.flutter.plugins.pathprovider.Messages$StorageDirectory[] values()
io.flutter.plugins.firebase.messaging.FlutterFirebaseMessagingService: FlutterFirebaseMessagingService()
io.flutter.embedding.engine.FlutterJNI: boolean isAttached()