build/app/outputs/mapping/release/mapping.txt
# compiler: R8
# compiler_version: 2.1.62
# min_api: 21
# pg_map_id: 7c9b959
# common_typos_disable
...
com.google.android.datatransport.runtime.backends.BackendResponse -> com.google.android.datatransport.runtime.backends.g:
    com.google.android.datatransport.runtime.backends.BackendResponse fatalError() -> a
    long getNextRequestWaitMillis() -> b
    com.google.android.datatransport.runtime.backends.BackendResponse$Status getStatus() -> c
    com.google.android.datatransport.runtime.backends.BackendResponse invalidPayload() -> d
    com.google.android.datatransport.runtime.backends.BackendResponse ok(long) -> e
    com.google.android.datatransport.runtime.backends.BackendResponse transientError() -> f
com.google.android.datatransport.runtime.backends.BackendResponse$Status -> com.google.android.datatransport.runtime.backends.g$a:
    com.google.android.datatransport.runtime.backends.BackendResponse$Status[] $VALUES -> i
    com.google.android.datatransport.runtime.backends.BackendResponse$Status FATAL_ERROR -> g
    com.google.android.datatransport.runtime.backends.BackendResponse$Status INVALID_PAYLOAD -> h
    com.google.android.datatransport.runtime.backends.BackendResponse$Status OK -> e
    com.google.android.datatransport.runtime.backends.BackendResponse$Status TRANSIENT_ERROR -> f
com.google.android.datatransport.runtime.backends.CreationContext -> com.google.android.datatransport.runtime.backends.h:
    com.google.android.datatransport.runtime.backends.CreationContext create(android.content.Context,com.google.android.datatransport.runtime.time.Clock,com.google.android.datatransport.runtime.time.Clock,java.lang.String) -> a
    android.content.Context getApplicationContext() -> b
    java.lang.String getBackendName() -> c
    com.google.android.datatransport.runtime.time.Clock getMonotonicClock() -> d
    com.google.android.datatransport.runtime.time.Clock getWallClock() -> e
com.google.android.datatransport.runtime.backends.CreationContextFactory -> com.google.android.datatransport.runtime.backends.i:
    android.content.Context applicationContext -> a
    com.google.android.datatransport.runtime.time.Clock wallClock -> b
    com.google.android.datatransport.runtime.time.Clock monotonicClock -> c
    com.google.android.datatransport.runtime.backends.CreationContext create(java.lang.String) -> a
com.google.android.datatransport.runtime.backends.CreationContextFactory_Factory -> com.google.android.datatransport.runtime.backends.j:
    javax.inject.Provider monotonicClockProvider -> c
    javax.inject.Provider wallClockProvider -> b
    javax.inject.Provider applicationContextProvider -> a
    com.google.android.datatransport.runtime.backends.CreationContextFactory_Factory create(javax.inject.Provider,javax.inject.Provider,javax.inject.Provider) -> a
    com.google.android.datatransport.runtime.backends.CreationContextFactory get() -> b
    com.google.android.datatransport.runtime.backends.CreationContextFactory newInstance(android.content.Context,com.google.android.datatransport.runtime.time.Clock,com.google.android.datatransport.runtime.time.Clock) -> c
com.google.android.datatransport.runtime.backends.MetadataBackendRegistry -> com.google.android.datatransport.runtime.backends.k:
    java.util.Map backends -> c
    com.google.android.datatransport.runtime.backends.CreationContextFactory creationContextFactory -> b
    com.google.android.datatransport.runtime.backends.MetadataBackendRegistry$BackendFactoryProvider backendFactoryProvider -> a
    com.google.android.datatransport.runtime.backends.TransportBackend get(java.lang.String) -> a