build/app/outputs/mapping/release/usage.txt
com.elryad.elmoktaser.R$id
com.elryad.elmoktaser.R$string
com.elryad.elmoktaser.R$animator
com.elryad.elmoktaser.R$attr
com.elryad.elmoktaser.R$styleable
com.elryad.elmoktaser.R$mipmap
com.elryad.elmoktaser.BuildConfig
com.elryad.elmoktaser.R$bool
com.elryad.elmoktaser.R$xml
com.elryad.elmoktaser.R$layout
com.elryad.elmoktaser.R$drawable
com.elryad.elmoktaser.R
com.elryad.elmoktaser.R$style
com.elryad.elmoktaser.R$anim
com.elryad.elmoktaser.R$integer
com.elryad.elmoktaser.R$color
com.elryad.elmoktaser.R$raw
com.elryad.elmoktaser.R$dimen
...
com.google.common.util.concurrent.ServiceManager$ServiceManagerState$2
io.flutter.embedding.engine.plugins.broadcastreceiver.BroadcastReceiverPluginBinding:
    public abstract android.content.BroadcastReceiver getBroadcastReceiver()
com.google.android.exoplayer2.mediacodec.BatchBuffer:
    public static final int DEFAULT_MAX_SAMPLE_COUNT
    static final int MAX_SIZE_BYTES
com.google.android.exoplayer2.extractor.jpeg.JpegExtractor:
    private static final int STATE_READING_MARKER
    private static final int STATE_READING_SEGMENT_LENGTH
    private static final int STATE_READING_SEGMENT
    private static final int STATE_SNIFFING_MOTION_PHOTO_VIDEO
    private static final int STATE_READING_MOTION_PHOTO_VIDEO
    private static final int STATE_ENDED
    private static final int EXIF_ID_CODE_LENGTH
    private static final long EXIF_HEADER
    private static final int MARKER_SOI
    private static final int MARKER_SOS
    private static final int MARKER_APP0
    private static final int MARKER_APP1
    private static final java.lang.String HEADER_XMP_APP1
    private static final int IMAGE_TRACK_ID
com.google.android.gms.dynamite.zzf
org.checkerframework.checker.calledmethods.qual.CalledMethods
com.google.common.collect.EnumMultiset$2$1
androidx.concurrent.futures.AbstractResolvableFuture
kotlin.collections.IndexingIterator
com.google.gson.JsonIOException:
    private static final long serialVersionUID
com.google.common.collect.ImmutableSortedMultiset$Builder
com.google.common.base.Predicates$NotPredicate
com.google.common.collect.ImmutableSortedMultiset
androidx.fragment.app.Fragment$8
org.intellij.lang.annotations.JdkConstants$BoxLayoutAxis
org.checkerframework.checker.i18nformatter.qual.I18nFormat
com.google.android.gms.common.api.internal.zzd:
    public final boolean isCreated()
    public final boolean isStarted()
androidx.versionedparcelable.VersionedParcelStream
androidx.room.RoomWarnings
androidx.core.view.inputmethod.EditorInfoCompat
com.google.android.gms.common.AccountPicker$AccountChooserOptions$Builder
kotlinx.coroutines.CancelFutureOnCompletion
io.flutter.plugins.sharedpreferences.R$attr
com.google.android.exoplayer2.upstream.RawResourceDataSource$RawResourceDataSourceException:
    public void <init>(java.lang.String)
    public void <init>(java.lang.Throwable)
kotlinx.coroutines.flow.FlowKt__ErrorsKt$catchImpl$$inlined$collect$1$1
com.google.common.util.concurrent.AggregateFutureState$AtomicHelper
com.google.common.collect.LinkedListMultimap$NodeIterator
kotlinx.coroutines.flow.FlowKt__TransformKt$map$$inlined$unsafeTransform$1$1
com.google.common.util.concurrent.AbstractExecutionThreadService$1$2
com.google.android.gms.security.zza
com.google.android.exoplayer2.MediaItem$SubtitleConfiguration$Builder:
    public void <init>(android.net.Uri)
    public com.google.android.exoplayer2.MediaItem$SubtitleConfiguration$Builder setUri(android.net.Uri)
    public com.google.android.exoplayer2.MediaItem$SubtitleConfiguration$Builder setMimeType(java.lang.String)
    public com.google.android.exoplayer2.MediaItem$SubtitleConfiguration$Builder setLanguage(java.lang.String)
    public com.google.android.exoplayer2.MediaItem$SubtitleConfiguration$Builder setSelectionFlags(int)
    public com.google.android.exoplayer2.MediaItem$SubtitleConfiguration$Builder setRoleFlags(int)
    public com.google.android.exoplayer2.MediaItem$SubtitleConfiguration$Builder setLabel(java.lang.String)
    public com.google.android.exoplayer2.MediaItem$SubtitleConfiguration$Builder setId(java.lang.String)
    public com.google.android.exoplayer2.MediaItem$SubtitleConfiguration build()
kotlin.jvm.internal.CallableReference$NoReceiver:
    private java.lang.Object readResolve()
androidx.core.graphics.BlendModeColorFilterCompat$Api29Impl
com.google.android.exoplayer2.text.ssa.SsaStyle$SsaBorderStyle
com.google.android.gms.internal.base.zae
org.checkerframework.framework.qual.UpperBoundFor